IQ-TREE multicore version 1.6.12 for Linux 64-bit built Jul 19 2020
Developed by Bui Quang Minh, Nguyen Lam Tung, Olga Chernomor,
Heiko Schmidt, Dominik Schrempf, Michael Woodhams.

Host:    cpu-8-64 (AVX2, FMA3, 251 GB RAM)
Command: iqtree -s Bacteria_71_AnvioAlign_ForDavid_final.fa -alrt 1000 -bb 1000 -nt 16
Seed:    580702 (Using SPRNG - Scalable Parallel Random Number Generator)
Time:    Thu Nov 23 01:08:22 2023
Kernel:  AVX+FMA - 16 threads (64 CPU cores detected)

Reading alignment file Bacteria_71_AnvioAlign_ForDavid_final.fa ... Fasta format detected
Alignment most likely contains protein sequences
WARNING: 316 sites contain only gaps or ambiguous characters.
Alignment has 167 sequences with 22432 columns, 18309 distinct patterns
13380 parsimony-informative, 2932 singleton sites, 6120 constant sites
                                                             Gap/Ambiguity  Composition  p-value
   1  GCA_002102725.1_ASM210272v1                                   46.99%    failed      0.00%
   2  GCA_016716405.1_ASM1671640v1                                  39.87%    failed      0.00%
   3  GCA_002102805.1_ASM210280v1                                   45.83%    failed      0.00%
   4  GCA_002102735.1_ASM210273v1                                   46.22%    failed      0.00%
   5  GCA_903866275.1_freshwater_MAG_---_Umea1_bin-2013             41.24%    failed      0.00%
   6  GCA_900767135.1_SRS475682_56                                  52.71%    failed      0.63%
   7  GCA_001917115.1_ASM191711v1                                   45.20%    failed      0.00%
   8  GCA_900753735.1_ERS396384_76                                  50.40%    failed      0.00%
   9  Gloeobacterales_GCA_014379585.1_ASM1437958v1                  46.62%    failed      0.00%
  10  GCA_910577515.1_MGBC104636                                    43.59%    failed      0.00%
  11  GCA_017998685.1_ASM1799868v1                                  43.64%    failed      0.00%
  12  GCA_900552525.1_UMGS1517                                      46.19%    failed      0.00%
  13  GCA_002103055.1_ASM210305v1                                   44.99%    failed      0.00%
  14  GCA_900766695.1_SRS475585_52                                  45.82%    failed      0.07%
  15  GCA_002103135.1_ASM210313v1                                   50.22%    failed      0.03%
  16  GCA_017402995.1_ASM1740299v1                                  45.08%    failed      0.00%
  17  GCA_016282705.1_ASM1628270v1                                  49.27%    failed      0.00%
  18  GCA_001899365.1_ASM189936v1                                   49.55%    failed      0.10%
  19  Gloeobacterales_GCA_014380935.1_ASM1438093v1                  47.76%    failed      0.00%
  20  Gloeobacterales_HawaiiGloeobacter                             44.41%    failed      0.00%
  21  GCA_002102985.1_ASM210298v1                                   46.37%    failed      0.01%
  22  GCA_002103035.1_ASM210303v1                                   51.98%    failed      0.17%
  23  GCA_910583875.1_MGBC124931                                    44.60%    failed      0.00%
  24  GCA_002633155.1_ASM263315v1                                   68.53%    failed      0.00%
  25  GCA_016178265.1_ASM1617826v1                                  49.92%    failed      0.00%
  26  GCA_003150395.1_ASM315039v1                                   51.13%    failed      0.02%
  27  GCA_016712355.1_ASM1671235v1                                  39.26%    failed      0.00%
  28  GCA_001765415.1_ASM176541v1                                   45.03%    failed      0.00%
  29  GCA_005110395.1_ASM511039v1                                   44.81%    failed      0.00%
  30  GCA_002102795.1_ASM210279v1                                   47.25%    failed      0.01%
  31  GCA_016712465.1_ASM1671246v1                                  39.93%    failed      0.00%
  32  GCA_017452865.1_ASM1745286v1                                  49.70%    failed      0.00%
  33  GCA_910588555.1_MGBC145961                                    46.01%    failed      0.04%
  34  GCA_001784615.1_ASM178461v1                                   47.89%    failed      0.00%
  35  GCA_900768495.1_SRS476144_104                                 46.77%    failed      0.00%
  36  GCA_905236775.1_RUG30312                                      59.70%    failed      0.00%
  37  GCA_910584405.1_MGBC124934                                    45.95%    failed      0.43%
  38  GCA_016201905.1_ASM1620190v1                                  43.87%    failed      0.00%
  39  GCA_001784535.1_ASM178453v1                                   53.25%    failed      0.00%
  40  GCA_002102745.1_ASM210274v1                                   47.11%    failed      0.01%
  41  GCA_016699165.1_ASM1669916v1                                  40.76%    failed      0.00%
  42  GCA_910583725.1_MGBC122484                                    44.57%    failed      0.00%
  43  GCA_012515355.1_ASM1251535v1                                  55.16%    failed      1.18%
  44  GCA_001899315.1_ASM189931v1                                   42.09%    failed      0.00%
  45  GCA_004769095.1_ASM476909v1                                   43.22%    failed      0.00%
  46  GCA_016196635.1_ASM1619663v1                                  49.18%    failed      0.00%
  47  GCA_016719695.1_ASM1671969v1                                  39.99%    failed      0.00%
  48  GCA_900768915.1_SRS476173_30                                  49.56%    failed      0.02%
  49  GCA_900766355.1_SRS475537_58                                  47.15%    failed      0.04%
  50  GCA_002102975.1_ASM210297v1                                   45.81%    failed      0.01%
  51  GCA_900754375.1_ERS396486_5                                   44.61%    failed      0.04%
  52  GCA_017475485.1_ASM1747548v1                                  47.34%    failed      0.00%
  53  GCA_905236205.1_RUG30328                                      55.80%    failed      0.00%
  54  GCA_903835245.1_freshwater_MAG_---_Umea_bin-03849             41.24%    failed      0.00%
  55  GCA_900766705.1_SRS475613_36                                  46.17%    failed      0.02%
  56  GCA_016193285.1_ASM1619328v1                                  43.08%    failed      0.00%
  57  GCA_016288515.1_ASM1628851v1                                  57.50%    failed      0.00%
  58  GCA_900769015.1_SRS476188_88                                  46.28%    failed      0.00%
  59  GCA_910577635.1_MGBC104987                                    44.63%    failed      0.00%
  60  GCA_003153555.1_20120700_P3D                                  42.12%    failed      0.00%
  61  GCA_003258725.1_ASM325872v1                                   46.28%    failed      0.00%
  62  GCA_016212515.1_ASM1621251v1                                  39.72%    failed      0.00%
  63  GCA_016716945.1_ASM1671694v1                                  41.89%    failed      0.00%
  64  GCA_900755835.1_ERS473266_20                                  47.67%    failed      0.18%
  65  GCA_910587055.1_MGBC157385                                    49.44%    failed      0.00%
  66  GCA_001899335.1_ASM189933v1                                   46.32%    failed      2.19%
  67  GCA_016788365.1_ASM1678836v1                                  45.31%    failed      0.00%
  68  GCA_905235825.1_RUG30286                                      58.13%    failed      0.00%
  69  GCA_910587245.1_MGBC159851                                    54.44%    failed      0.00%
  70  GCA_002102815.1_ASM210281v1                                   47.80%    failed      0.08%
  71  GCA_014380105.1_ASM1438010v1                                  48.75%    failed      0.00%
  72  GCA_013216135.1_ASM1321613v1                                  41.49%    failed      0.00%
  73  GCA_900767775.1_SRS476014_4                                   46.01%    failed      0.01%
  74  GCA_900771775.1_SRS820607_32                                  46.04%    failed      0.10%
  75  GCA_003151275.1_20120700_P3D                                  39.99%    failed      0.00%
  76  GCA_001786525.1_ASM178652v1                                   60.10%    failed      0.00%
  77  Gloeobacterales_GCA_000484535.1_ASM48453v1                    45.30%    failed      0.00%
  78  GCA_017520125.1_ASM1752012v1                                  63.71%    failed      0.00%
  79  GCA_003258785.1_ASM325878v1                                   46.28%    failed      0.00%
  80  GCA_001858525.1_ASM185852v1                                   41.96%    failed      0.00%
  81  GCA_905235155.1_RUG30213                                      45.86%    failed      0.00%
  82  GCA_900769685.1_SRS476278_40                                  45.11%    failed      0.00%
  83  GCA_910579975.1_MGBC118087                                    45.90%    failed      0.00%
  84  GCA_910587815.1_MGBC162268                                    44.27%    failed      0.00%
  85  GCA_900770525.1_SRS476326_8                                   45.78%    failed      0.14%
  86  GCA_002102995.1_ASM210299v1                                   48.50%    failed      0.06%
  87  GCA_016283185.1_ASM1628318v1                                  51.71%    failed      0.00%
  88  GCA_900753705.1_ERS396380_6                                   52.57%    failed      0.00%
  89  GCA_001899425.1_ASM189942v1                                   45.43%    failed      0.00%
  90  GCA_903970295.1_BOG_286                                       51.02%    failed      0.00%
  91  GCA_001784585.1_ASM178458v1                                   43.32%    failed      0.00%
  92  GCA_017989675.1_ASM1798967v1                                  43.85%    failed      0.00%
  93  GCA_900761225.1_SRS050299_2                                   48.32%    failed      0.02%
  94  GCA_001786555.1_ASM178655v1                                   49.57%    failed      0.00%
  95  GCA_017307165.1_ASM1730716v1                                  37.82%    failed      0.00%
  96  GCA_004769115.1_ASM476911v1                                   39.39%    failed      0.00%
  97  GCA_016191155.1_ASM1619115v1                                  51.10%    failed      0.00%
  98  Gloeobacterales_violaceus                                     45.03%    failed      0.00%
  99  GCA_003963305.1_ASM396330v1                                   40.53%    failed      0.00%
 100  GCA_017467305.1_ASM1746730v1                                  52.77%    failed      0.00%
 101  GCA_002103085.1_ASM210308v1                                   45.77%    failed      0.01%
 102  GCA_003149375.1_ASM314937v1                                   40.95%    failed      0.00%
 103  PMM_0068                                                      46.59%    failed      0.00%
 104  GCA_001899385.1_ASM189938v1                                   46.18%    failed      0.00%
 105  GCA_903826385.1_freshwater_MAG_---_Umea1p2_bin-0125           41.24%    failed      0.00%
 106  GCA_017415185.1_ASM1741518v1                                  45.02%    failed      0.00%
 107  GCA_012965515.1_ASM1296551v1                                  50.83%    failed      0.00%
 108  GCA_003242885.1_ASM324288v1                                   40.24%    failed      0.00%
 109  Gloeobacterales_Larsen_GCA_011331945.1_ASM1133194v1_genomic   62.27%    failed      0.00%
 110  GCA_900772105.1_SRS820617_72                                  58.03%    failed      0.00%
 111  GCA_016714375.1_ASM1671437v1                                  41.25%    failed      0.00%
 112  GCA_017560095.1_ASM1756009v1                                  45.74%    failed      0.00%
 113  Gloeobacterales_GCA_021018745.1_ASM2101874v1                  44.34%    failed      0.00%
 114  GCA_900548405.1_UMGS1078                                      45.15%    failed      0.00%
 115  GCA_900767725.1_SRS476014_35                                  45.87%    failed      0.00%
 116  GCA_902168245.1_MAG-Melainabacteria_sp_nbed3b74               41.23%    failed      0.00%
 117  GCA_016280955.1_ASM1628095v1                                  50.41%    failed      0.00%
 118  GCA_016706695.1_ASM1670669v1                                  43.40%    failed      0.00%
 119  GCA_903839075.1_freshwater_MAG_---_Umea1p3_bin-338            41.24%    failed      0.00%
 120  GCA_905234915.1_RUG30175                                      44.46%    failed      0.00%
 121  GCA_905236505.1_RUG30356                                      57.16%    failed      0.00%
 122  GCA_002102875.1_ASM210287v1                                   46.38%    failed      0.03%
 123  GCA_910587175.1_MGBC161128                                    45.38%    failed      0.00%
 124  GCA_016720765.1_ASM1672076v1                                  40.27%    failed      0.00%
 125  GCA_002102895.1_ASM210289v1                                   50.25%    failed      0.10%
 126  GCA_002103105.1_ASM210310v1                                   46.01%    failed      0.03%
 127  GCA_013288645.1_ASM1328864v1                                  45.60%    failed      0.00%
 128  GCA_002103075.1_ASM210307v1                                   45.89%    failed      0.00%
 129  GCA_018695135.1_ASM1869513v1                                  43.46%    failed      0.00%
 130  GCA_910578465.1_MGBC110388                                    44.15%    failed      0.00%
 131  GCA_910587375.1_MGBC159243                                    50.15%    failed      0.00%
 132  GCA_900769645.1_SRS476271_96                                  47.34%    failed      0.01%
 133  GCA_900771885.1_SRS820610_29                                  47.31%    failed      0.00%
 134  GCA_002102905.1_ASM210290v1                                   49.58%    failed      0.03%
 135  GCA_910577395.1_MGBC104891                                    44.33%    failed      0.00%
 136  GCA_005110385.1_ASM511038v1                                   43.17%    failed      0.00%
 137  GCA_900769355.1_SRS476195_7                                   50.33%    failed      0.00%
 138  GCA_002102825.1_ASM210282v1                                   46.02%    failed      0.00%
 139  GCA_002102955.1_ASM210295v1                                   52.00%    failed      0.00%
 140  GCA_002102715.1_ASM210271v1                                   51.82%    failed      0.00%
 141  GCA_900761525.1_SRS077392_71                                  49.95%    failed      0.00%
 142  GCA_001784565.1_ASM178456v1                                   50.53%    failed      0.00%
 143  GCA_017888365.1_ASM1788836v1                                  45.39%    failed      0.02%
 144  GCA_003258795.1_ASM325879v1                                   46.40%    failed      0.00%
 145  GCA_001784555.1_ASM178455v1                                   42.52%    failed      0.00%
 146  GCA_001786505.1_ASM178650v1                                   43.32%    failed      0.00%
 147  GCA_905234865.1_RUG30176                                      44.81%    failed      0.00%
 148  GCA_900755955.1_ERS473294_87                                  48.09%    failed      0.07%
 149  GCA_900772035.1_SRS820614_61                                  54.28%    failed      0.00%
 150  GCA_017303615.1_ASM1730361v1                                  42.47%    failed      0.00%
 151  GCA_900548375.1_UMGS1079                                      44.99%    failed      0.00%
 152  GCA_900772385.1_SRS820622_9                                   47.12%    failed      0.00%
 153  GCA_900772315.1_SRS820622_21                                  51.11%    failed      0.00%
 154  GCA_910586855.1_MGBC142924                                    44.00%    failed      0.00%
 155  GCA_016718315.1_ASM1671831v1                                  40.48%    failed      0.00%
 156  GCA_905236155.1_RUG30322                                      55.01%    failed      0.00%
 157  GCA_002102645.1_ASM210264v1                                   54.14%    failed      0.01%
 158  GCA_900752845.1_ERS396310_11                                  47.84%    failed      0.00%
 159  GCA_003258735.1_ASM325873v1                                   46.14%    failed      0.16%
 160  GCA_905236055.1_RUG30317                                      52.21%    failed      0.00%
 161  GCA_004769085.1_ASM476908v1                                   42.65%    failed      0.00%
 162  GCA_016287985.1_ASM1628798v1                                  51.48%    failed      0.00%
 163  Gloeobacterales_3300025548_6                                  49.60%    failed      0.00%
 164  GCA_016721225.1_ASM1672122v1                                  42.08%    failed      0.00%
 165  GCA_002102885.1_ASM210288v1                                   47.68%    failed      0.01%
 166  GCA_017987375.1_ASM1798737v1                                  43.22%    failed      0.00%
 167  Gloeobacterales_GCA_013285555.1_ASM1328555v1                  45.72%    failed      0.00%
WARNING: 37 sequences contain more than 50% gaps/ambiguity
****  TOTAL                                                         46.98%  167 sequences failed composition chi2 test (p-value<5%; df=19)


Create initial parsimony tree by phylogenetic likelihood library (PLL)... 1.700 seconds
NOTE: ModelFinder requires 4799 MB RAM!
ModelFinder will test 546 protein models (sample size: 22432) ...
 No. Model         -LnL         df  AIC          AICc         BIC
  1  Dayhoff       1236159.306  331 2472980.612  2472990.557  2475634.651
  2  Dayhoff+I     1218454.625  332 2437573.250  2437583.255  2440235.307
  3  Dayhoff+G4    1157189.609  332 2315043.217  2315053.223  2317705.274
  4  Dayhoff+I+G4  1156023.732  333 2312713.465  2312723.531  2315383.540
  5  Dayhoff+R2    1175300.067  333 2351266.134  2351276.201  2353936.210
  6  Dayhoff+R3    1161333.522  335 2323337.044  2323347.233  2326023.156
  7  Dayhoff+R4    1156595.322  337 2313864.645  2313874.956  2316566.793
  8  Dayhoff+R5    1155258.732  339 2311195.463  2311205.898  2313913.648
  9  Dayhoff+R6    1154799.718  341 2310281.435  2310291.994  2313015.656
 10  Dayhoff+R7    1154601.160  343 2309888.320  2309899.004  2312638.577
 11  Dayhoff+R8    1154482.149  345 2309654.298  2309665.107  2312420.592
 12  Dayhoff+R9    1154381.199  347 2309456.398  2309467.334  2312238.729
 13  Dayhoff+R10   1154303.813  349 2309305.626  2309316.690  2312103.994
 14  Dayhoff+F     1233760.247  350 2468220.493  2468231.621  2471026.879
 15  Dayhoff+F+I   1216265.826  351 2433233.652  2433244.844  2436048.056
 16  Dayhoff+F+G4  1153251.716  351 2307205.432  2307216.623  2310019.835
 17  Dayhoff+F+I+G4 1152145.087  352 2304994.173  2305005.429  2307816.595
 18  Dayhoff+F+R2  1171983.829  352 2344671.658  2344682.914  2347494.080
 19  Dayhoff+F+R3  1157583.335  354 2315874.671  2315886.055  2318713.129
 20  Dayhoff+F+R4  1152715.271  356 2306142.542  2306154.056  2308997.037
 21  Dayhoff+F+R5  1151165.855  358 2303047.711  2303059.356  2305918.242
 22  Dayhoff+F+R6  1150787.559  360 2302295.118  2302306.894  2305181.685
 23  Dayhoff+F+R7  1150643.306  362 2302010.613  2302022.521  2304913.217
 24  Dayhoff+F+R8  1150591.298  364 2301910.597  2301922.638  2304829.237
 25  Dayhoff+F+R9  1150483.359  366 2301698.717  2301710.892  2304633.394
 26  Dayhoff+F+R10 1150400.091  368 2301536.182  2301548.492  2304486.896
 27  mtMAM         1386431.183  331 2773524.366  2773534.311  2776178.404
 28  mtMAM+I       1370817.787  332 2742299.575  2742309.580  2744961.632
 29  mtMAM+G4      1242345.857  332 2485355.714  2485365.720  2488017.771
 30  mtMAM+I+G4    1241465.255  333 2483596.511  2483606.577  2486266.586
 31  mtMAM+R2      1273961.759  333 2548589.517  2548599.583  2551259.592
 32  mtMAM+R3      1250320.276  335 2501310.551  2501320.740  2503996.663
 33  mtMAM+R4      1243273.878  337 2487221.755  2487232.066  2489923.903
 34  mtMAM+R5      1240367.022  339 2481412.044  2481422.478  2484130.228
 35  mtMAM+R6      1239300.840  341 2479283.681  2479294.239  2482017.902
 36  mtMAM+R7      1238914.604  343 2478515.208  2478525.891  2481265.465
 37  mtMAM+R8      1238716.629  345 2478123.259  2478134.068  2480889.553
 38  mtMAM+R9      1238359.734  347 2477413.468  2477424.404  2480195.798
 39  mtMAM+R10     1238088.395  349 2476874.790  2476885.853  2479673.157
 40  mtMAM+F       1321939.245  350 2644578.489  2644589.616  2647384.875
 41  mtMAM+F+I     1305393.794  351 2611489.587  2611500.779  2614303.991
 42  mtMAM+F+G4    1201174.322  351 2403050.643  2403061.834  2405865.047
 43  mtMAM+F+I+G4  1200268.877  352 2401241.755  2401253.010  2404064.176
 44  mtMAM+F+R2    1229225.349  352 2459154.697  2459165.953  2461977.119
 45  mtMAM+F+R3    1208122.933  354 2416953.866  2416965.250  2419792.324
 46  mtMAM+F+R4    1201787.828  356 2404287.656  2404299.170  2407142.150
 47  mtMAM+F+R5    1199384.914  358 2399485.828  2399497.473  2402356.359
 48  mtMAM+F+R6    1198532.352  360 2397784.704  2397796.480  2400671.271
 49  mtMAM+F+R7    1198220.208  362 2397164.416  2397176.324  2400067.020
 50  mtMAM+F+R8    1198060.472  364 2396848.945  2396860.986  2399767.586
 51  mtMAM+F+R9    1197760.222  366 2396252.443  2396264.618  2399187.120
 52  mtMAM+F+R10   1197526.031  368 2395788.062  2395800.371  2398738.776
 53  JTT           1234597.353  331 2469856.706  2469866.651  2472510.745
 54  JTT+I         1216742.957  332 2434149.913  2434159.919  2436811.970
 55  JTT+G4        1152603.227  332 2305870.454  2305880.460  2308532.511
 56  JTT+I+G4      1151447.099  333 2303560.198  2303570.264  2306230.273
 57  JTT+R2        1171656.590  333 2343979.180  2343989.246  2346649.255
 58  JTT+R3        1156837.618  335 2314345.236  2314355.424  2317031.347
 59  JTT+R4        1152107.757  337 2304889.515  2304899.826  2307591.663
 60  JTT+R5        1150336.745  339 2301351.490  2301361.924  2304069.674
 61  JTT+R6        1149989.877  341 2300661.754  2300672.313  2303395.976
 62  JTT+R7        1149901.147  343 2300488.294  2300498.978  2303238.552
 63  JTT+R8        1149878.360  345 2300446.720  2300457.529  2303213.014
 64  JTT+R9        1149816.432  347 2300326.864  2300337.800  2303109.194
 65  JTT+R10       1149746.552  349 2300191.104  2300202.167  2302989.471
 66  JTT+F         1234135.528  350 2468971.057  2468982.184  2471777.442
 67  JTT+F+I       1216175.502  351 2433053.005  2433064.196  2435867.408
 68  JTT+F+G4      1150492.749  351 2301687.498  2301698.689  2304501.902
 69  JTT+F+I+G4    1149361.070  352 2299426.141  2299437.396  2302248.563
 70  JTT+F+R2      1169974.879  352 2340653.757  2340665.013  2343476.179
 71  JTT+F+R3      1154937.122  354 2310582.245  2310593.629  2313420.703
 72  JTT+F+R4      1150055.837  356 2300823.673  2300835.188  2303678.168
 73  JTT+F+R5      1148205.158  358 2297126.315  2297137.961  2299996.847
 74  JTT+F+R6      1147888.901  360 2296497.802  2296509.578  2299384.370
 75  JTT+F+R7      1147802.842  362 2296329.685  2296341.593  2299232.289
 76  JTT+F+R8      1147779.091  364 2296286.182  2296298.224  2299204.823
 77  JTT+F+R9      1147711.889  366 2296155.778  2296167.953  2299090.456
 78  JTT+F+R10     1147635.391  368 2296006.783  2296019.092  2298957.496
 79  WAG           1217672.025  331 2436006.051  2436015.996  2438660.089
 80  WAG+I         1201191.589  332 2403047.178  2403057.184  2405709.235
 81  WAG+G4        1145137.396  332 2290938.791  2290948.797  2293600.848
 82  WAG+I+G4      1144011.304  333 2288688.609  2288698.675  2291358.684
 83  WAG+R2        1161401.096  333 2323468.191  2323478.258  2326138.266
 84  WAG+R3        1148553.190  335 2297776.380  2297786.569  2300462.492
 85  WAG+R4        1144417.261  337 2289508.522  2289518.833  2292210.671
 86  WAG+R5        1142851.373  339 2286380.746  2286391.181  2289098.931
 87  WAG+R6        1142428.774  341 2285539.548  2285550.107  2288273.769
 88  WAG+R7        1142377.662  343 2285441.323  2285452.007  2288191.581
 89  WAG+R8        1142365.741  345 2285421.482  2285432.292  2288187.776
 90  WAG+R9        1142346.189  347 2285386.379  2285397.315  2288168.709
 91  WAG+R10       1142324.185  349 2285346.371  2285357.434  2288144.738
 92  WAG+F         1218931.148  350 2438562.296  2438573.423  2441368.681
 93  WAG+F+I       1202400.316  351 2405502.631  2405513.822  2408317.035
 94  WAG+F+G4      1144365.281  351 2289432.562  2289443.753  2292246.966
 95  WAG+F+I+G4    1143268.495  352 2287240.990  2287252.246  2290063.412
 96  WAG+F+R2      1161347.959  352 2323399.918  2323411.173  2326222.340
 97  WAG+F+R3      1148071.611  354 2296851.222  2296862.607  2299689.681
 98  WAG+F+R4      1143757.653  356 2288227.306  2288238.820  2291081.801
 99  WAG+F+R5      1142096.886  358 2284909.771  2284921.416  2287780.302
100  WAG+F+R6      1141636.811  360 2283993.622  2284005.398  2286880.190
101  WAG+F+R7      1141615.779  362 2283955.557  2283967.466  2286858.162
102  WAG+F+R8      1141604.399  364 2283936.799  2283948.840  2286855.440
103  WAG+F+R9      1141582.167  366 2283896.333  2283908.508  2286831.010
104  WAG+F+R10     1141557.204  368 2283850.408  2283862.718  2286801.122
105  cpREV         1226237.827  331 2453137.653  2453147.598  2455791.692
106  cpREV+I       1210503.968  332 2421671.937  2421681.942  2424333.994
107  cpREV+G4      1152708.666  332 2306081.331  2306091.337  2308743.388
108  cpREV+I+G4    1151588.782  333 2303843.564  2303853.631  2306513.640
109  cpREV+R2      1169312.392  333 2339290.784  2339300.850  2341960.859
110  cpREV+R3      1156228.362  335 2313126.725  2313136.913  2315812.836
111  cpREV+R4      1152118.761  337 2304911.522  2304921.833  2307613.671
112  cpREV+R5      1150450.404  339 2301578.809  2301589.243  2304296.994
113  cpREV+R6      1149938.667  341 2300559.334  2300569.893  2303293.555
114  cpREV+R7      1149899.378  343 2300484.756  2300495.440  2303235.014
115  cpREV+R8      1149887.412  345 2300464.824  2300475.634  2303231.118
116  cpREV+R9      1149867.869  347 2300429.739  2300440.675  2303212.069
117  cpREV+R10     1149860.571  349 2300419.142  2300430.205  2303217.509
118  cpREV+F       1230061.657  350 2460823.315  2460834.442  2463629.700
119  cpREV+F+I     1213462.525  351 2427627.051  2427638.242  2430441.454
120  cpREV+F+G4    1153492.830  351 2307687.660  2307698.851  2310502.063
121  cpREV+F+I+G4  1152377.904  352 2305459.808  2305471.064  2308282.230
122  cpREV+F+R2    1171163.260  352 2343030.520  2343041.776  2345852.942
123  cpREV+F+R3    1157466.755  354 2315641.511  2315652.896  2318479.969
124  cpREV+F+R4    1152962.672  356 2306637.345  2306648.859  2309491.840
125  cpREV+F+R5    1151142.642  358 2303001.283  2303012.929  2305871.815
126  cpREV+F+R6    1150602.741  360 2301925.482  2301937.259  2304812.050
127  cpREV+F+R7    1150602.742  362 2301929.484  2301941.392  2304832.088
131  mtREV         1306947.000  331 2614555.999  2614565.944  2617210.038
132  mtREV+I       1292693.132  332 2586050.264  2586060.270  2588712.321
133  mtREV+G4      1207213.419  332 2415090.838  2415100.843  2417752.895
134  mtREV+I+G4    1206393.182  333 2413452.364  2413462.430  2416122.439
135  mtREV+R2      1229861.509  333 2460389.019  2460399.085  2463059.094
136  mtREV+R3      1212772.037  335 2426214.074  2426224.262  2428900.186
137  mtREV+R4      1207051.434  337 2414776.867  2414787.178  2417479.015
138  mtREV+R5      1204961.025  339 2410600.050  2410610.485  2413318.235
139  mtREV+R6      1204133.033  341 2408948.066  2408958.625  2411682.287
140  mtREV+R7      1204133.027  343 2408952.053  2408962.737  2411702.311
144  mtREV+F       1254727.171  350 2510154.342  2510165.469  2512960.727
145  mtREV+F+I     1239469.694  351 2479641.388  2479652.579  2482455.792
146  mtREV+F+G4    1166727.235  351 2334156.471  2334167.662  2336970.874
147  mtREV+F+I+G4  1165840.462  352 2332384.923  2332396.179  2335207.345
148  mtREV+F+R2    1187675.097  352 2376054.195  2376065.451  2378876.617
149  mtREV+F+R3    1171880.249  354 2344468.498  2344479.883  2347306.956
150  mtREV+F+R4    1166542.345  356 2333796.690  2333808.204  2336651.185
151  mtREV+F+R5    1164497.359  358 2329710.718  2329722.363  2332581.249
152  mtREV+F+R6    1163734.901  360 2328189.803  2328201.579  2331076.371
153  mtREV+F+R7    1163734.848  362 2328193.697  2328205.605  2331096.301
157  rtREV         1231249.088  331 2463160.177  2463170.122  2465814.215
158  rtREV+I       1215244.673  332 2431153.347  2431163.352  2433815.404
159  rtREV+G4      1150935.423  332 2302534.847  2302544.852  2305196.904
160  rtREV+I+G4    1149906.900  333 2300479.799  2300489.866  2303149.875
161  rtREV+R2      1169620.328  333 2339906.657  2339916.723  2342576.732
162  rtREV+R3      1155175.130  335 2311020.260  2311030.449  2313706.372
163  rtREV+R4      1150563.485  337 2301800.971  2301811.282  2304503.119
164  rtREV+R5      1148759.881  339 2298197.762  2298208.197  2300915.947
165  rtREV+R6      1148140.718  341 2296963.435  2296973.994  2299697.657
166  rtREV+R7      1148140.581  343 2296967.162  2296977.846  2299717.420
170  rtREV+F       1225656.364  350 2452012.728  2452023.855  2454819.114
171  rtREV+F+I     1209416.333  351 2419534.667  2419545.858  2422349.070
172  rtREV+F+G4    1143427.195  351 2287556.390  2287567.582  2290370.794
173  rtREV+F+I+G4  1142425.275  352 2285554.551  2285565.807  2288376.973
174  rtREV+F+R2    1162656.761  352 2326017.522  2326028.778  2328839.944
175  rtREV+F+R3    1147918.043  354 2296544.087  2296555.471  2299382.545
176  rtREV+F+R4    1143113.107  356 2286938.214  2286949.728  2289792.708
177  rtREV+F+R5    1141232.473  358 2283180.946  2283192.592  2286051.478
178  rtREV+F+R6    1140631.230  360 2281982.459  2281994.236  2284869.027
179  rtREV+F+R7    1140630.601  362 2281985.201  2281997.110  2284887.806
183  mtART         1345505.037  331 2691672.075  2691682.020  2694326.114
184  mtART+I       1330399.533  332 2661463.065  2661473.071  2664125.122
185  mtART+G4      1217069.149  332 2434802.297  2434812.303  2437464.354
186  mtART+I+G4    1216284.237  333 2433234.474  2433244.541  2435904.549
187  mtART+R2      1244015.049  333 2488696.097  2488706.164  2491366.173
188  mtART+R3      1223660.696  335 2447991.392  2448001.580  2450677.504
189  mtART+R4      1217396.569  337 2435467.137  2435477.448  2438169.286
190  mtART+R5      1214387.703  339 2429453.406  2429463.841  2432171.591
191  mtART+R6      1213333.369  341 2427348.739  2427359.297  2430082.960
192  mtART+R7      1213332.156  343 2427350.312  2427360.996  2430100.569
196  mtART+F       1283081.995  350 2566863.991  2566875.118  2569670.376
197  mtART+F+I     1267474.999  351 2535651.999  2535663.190  2538466.403
198  mtART+F+G4    1175261.881  351 2351225.761  2351236.953  2354040.165
199  mtART+F+I+G4  1174458.058  352 2349620.116  2349631.371  2352442.538
200  mtART+F+R2    1200660.976  352 2402025.952  2402037.208  2404848.374
201  mtART+F+R3    1181677.821  354 2364063.643  2364075.028  2366902.101
202  mtART+F+R4    1175562.893  356 2351837.785  2351849.300  2354692.280
203  mtART+F+R5    1172890.283  358 2346496.565  2346508.210  2349367.096
204  mtART+F+R6    1171905.420  360 2344530.839  2344542.616  2347417.407
205  mtART+F+R7    1171904.178  362 2344532.355  2344544.264  2347434.960
209  mtZOA         1304467.967  331 2609597.935  2609607.880  2612251.973
210  mtZOA+I       1289711.278  332 2580086.556  2580096.562  2582748.613
211  mtZOA+G4      1190174.438  332 2381012.876  2381022.882  2383674.933
212  mtZOA+I+G4    1189456.329  333 2379578.657  2379588.724  2382248.732
213  mtZOA+R2      1214210.128  333 2429086.255  2429096.321  2431756.330
214  mtZOA+R3      1196152.529  335 2392975.059  2392985.247  2395661.170
215  mtZOA+R4      1190220.925  337 2381115.850  2381126.161  2383817.998
216  mtZOA+R5      1187753.260  339 2376184.521  2376194.955  2378902.706
217  mtZOA+R6      1186819.706  341 2374321.413  2374331.971  2377055.634
218  mtZOA+R7      1186818.798  343 2374323.596  2374334.280  2377073.853
222  mtZOA+F       1257683.462  350 2516066.924  2516078.051  2518873.309
223  mtZOA+F+I     1241878.460  351 2484458.920  2484470.111  2487273.323
224  mtZOA+F+G4    1161041.917  351 2322785.834  2322797.026  2325600.238
225  mtZOA+F+I+G4  1160216.119  352 2321136.238  2321147.493  2323958.659
226  mtZOA+F+R2    1184050.338  352 2368804.676  2368815.932  2371627.098
227  mtZOA+F+R3    1166905.179  354 2334518.358  2334529.743  2337356.816
228  mtZOA+F+R4    1160990.865  356 2322693.730  2322705.244  2325548.225
229  mtZOA+F+R5    1158790.044  358 2318296.089  2318307.734  2321166.620
230  mtZOA+F+R6    1157950.440  360 2316620.880  2316632.657  2319507.448
231  mtZOA+F+R7    1157949.612  362 2316623.224  2316635.133  2319525.828
235  VT            1219510.522  331 2439683.044  2439692.989  2442337.082
236  VT+I          1202789.172  332 2406242.343  2406252.349  2408904.400
237  VT+G4         1146665.331  332 2293994.661  2294004.667  2296656.718
238  VT+I+G4       1145545.146  333 2291756.292  2291766.359  2294426.368
239  VT+R2         1162989.140  333 2326644.279  2326654.346  2329314.355
240  VT+R3         1150007.736  335 2300685.471  2300695.660  2303371.583
241  VT+R4         1145971.081  337 2292616.163  2292626.474  2295318.311
242  VT+R5         1144432.401  339 2289542.802  2289553.236  2292260.986
243  VT+R6         1143952.145  341 2288586.290  2288596.849  2291320.512
244  VT+R7         1143846.400  343 2288378.801  2288389.485  2291129.059
245  VT+R8         1143820.931  345 2288331.861  2288342.671  2291098.155
246  VT+R9         1143818.032  347 2288330.064  2288341.000  2291112.394
248  VT+F          1219924.105  350 2440548.209  2440559.337  2443354.595
249  VT+F+I        1203123.098  351 2406948.196  2406959.387  2409762.600
250  VT+F+G4       1146051.817  351 2292805.634  2292816.825  2295620.037
251  VT+F+I+G4     1144944.365  352 2290592.729  2290603.985  2293415.151
252  VT+F+R2       1162688.959  352 2326081.918  2326093.173  2328904.340
253  VT+F+R3       1149541.581  354 2299791.161  2299802.546  2302629.620
254  VT+F+R4       1145404.674  356 2291521.349  2291532.863  2294375.843
255  VT+F+R5       1143820.998  358 2288357.996  2288369.641  2291228.527
256  VT+F+R6       1143319.538  360 2287359.075  2287370.852  2290245.643
257  VT+F+R7       1143205.054  362 2287134.109  2287146.018  2290036.713
258  VT+F+R8       1143192.002  364 2287112.003  2287124.045  2290030.644
259  VT+F+R9       1143188.505  366 2287109.009  2287121.185  2290043.687
261  LG            1223218.400  331 2447098.800  2447108.745  2449752.839
262  LG+I          1206692.114  332 2414048.229  2414058.234  2416710.286
263  LG+G4         1140949.682  332 2282563.365  2282573.370  2285225.422
264  LG+I+G4       1139928.959  333 2280523.919  2280533.985  2283193.994
265  LG+R2         1160391.538  333 2321449.076  2321459.142  2324119.151
266  LG+R3         1145491.764  335 2291653.528  2291663.716  2294339.640
267  LG+R4         1140626.214  337 2281926.428  2281936.739  2284628.576
268  LG+R5         1138739.927  339 2278157.855  2278168.289  2280876.040
269  LG+R6         1138092.024  341 2276866.049  2276876.608  2279600.270
270  LG+R7         1137963.816  343 2276613.633  2276624.316  2279363.890
271  LG+R8         1137939.986  345 2276569.972  2276580.782  2279336.266
272  LG+R9         1137933.528  347 2276561.057  2276571.993  2279343.387
274  LG+F          1223658.154  350 2448016.308  2448027.435  2450822.693
275  LG+F+I        1206999.635  351 2414701.270  2414712.461  2417515.673
276  LG+F+G4       1140332.310  351 2281366.621  2281377.812  2284181.024
277  LG+F+I+G4     1139319.809  352 2279343.618  2279354.874  2282166.040
278  LG+F+R2       1159976.195  352 2320656.390  2320667.646  2323478.812
279  LG+F+R3       1145006.741  354 2290721.481  2290732.866  2293559.940
280  LG+F+R4       1140029.467  356 2280770.933  2280782.448  2283625.428
281  LG+F+R5       1138104.221  358 2276924.443  2276936.088  2279794.974
282  LG+F+R6       1137469.585  360 2275659.170  2275670.947  2278545.738
283  LG+F+R7       1137336.431  362 2275396.862  2275408.770  2278299.466
284  LG+F+R8       1137310.828  364 2275349.656  2275361.698  2278268.297
285  LG+F+R9       1137303.677  366 2275339.355  2275351.530  2278274.032
287  DCMut         1236089.474  331 2472840.947  2472850.892  2475494.986
288  DCMut+I       1218383.822  332 2437431.645  2437441.650  2440093.702
289  DCMut+G4      1157233.399  332 2315130.799  2315140.804  2317792.856
290  DCMut+I+G4    1156064.844  333 2312795.689  2312805.755  2315465.764
291  DCMut+R2      1175313.815  333 2351293.629  2351303.695  2353963.704
292  DCMut+R3      1161294.182  335 2323258.364  2323268.552  2325944.475
293  DCMut+R4      1156562.013  337 2313798.026  2313808.337  2316500.174
294  DCMut+R5      1154876.200  339 2310430.400  2310440.835  2313148.585
295  DCMut+R6      1154257.090  341 2309196.179  2309206.738  2311930.400
296  DCMut+R7      1154136.790  343 2308959.581  2308970.265  2311709.839
297  DCMut+R8      1154120.457  345 2308930.913  2308941.723  2311697.207
298  DCMut+R9      1154116.063  347 2308926.126  2308937.062  2311708.457
300  DCMut+F       1233662.931  350 2468025.861  2468036.988  2470832.247
301  DCMut+F+I     1216169.774  351 2433041.547  2433052.739  2435855.951
302  DCMut+F+G4    1153275.164  351 2307252.329  2307263.520  2310066.732
303  DCMut+F+I+G4  1152166.608  352 2305037.217  2305048.472  2307859.638
304  DCMut+F+R2    1171976.965  352 2344657.930  2344669.186  2347480.352
305  DCMut+F+R3    1157591.886  354 2315891.772  2315903.157  2318730.231
306  DCMut+F+R4    1152733.923  356 2306179.846  2306191.361  2309034.341
307  DCMut+F+R5    1150943.657  358 2302603.313  2302614.958  2305473.844
308  DCMut+F+R6    1150323.310  360 2301366.620  2301378.397  2304253.188
309  DCMut+F+R7    1150206.401  362 2301136.802  2301148.710  2304039.406
310  DCMut+F+R8    1150186.278  364 2301100.555  2301112.597  2304019.196
311  DCMut+F+R9    1150180.811  366 2301093.621  2301105.797  2304028.299
313  PMB           1227012.311  331 2454686.623  2454696.568  2457340.662
314  PMB+I         1211073.955  332 2422811.909  2422821.915  2425473.966
315  PMB+G4        1155841.305  332 2312346.611  2312356.616  2315008.668
316  PMB+I+G4      1154752.717  333 2310171.434  2310181.501  2312841.509
317  PMB+R2        1171608.483  333 2343882.966  2343893.032  2346553.041
318  PMB+R3        1158942.823  335 2318555.645  2318565.834  2321241.757
319  PMB+R4        1155130.907  337 2310935.814  2310946.125  2313637.962
320  PMB+R5        1153685.485  339 2308048.969  2308059.404  2310767.154
321  PMB+R6        1153225.654  341 2307133.309  2307143.867  2309867.530
322  PMB+R7        1153081.480  343 2306848.960  2306859.644  2309599.218
323  PMB+R8        1153078.732  345 2306847.465  2306858.274  2309613.759
326  PMB+F         1224793.508  350 2450287.015  2450298.143  2453093.401
327  PMB+F+I       1208478.547  351 2417659.094  2417670.286  2420473.498
328  PMB+F+G4      1152314.078  351 2305330.156  2305341.348  2308144.560
329  PMB+F+I+G4    1151220.310  352 2303144.621  2303155.876  2305967.042
330  PMB+F+R2      1168620.619  352 2337945.239  2337956.494  2340767.661
331  PMB+F+R3      1155665.766  354 2312039.532  2312050.917  2314877.991
332  PMB+F+R4      1151662.117  356 2304036.233  2304047.748  2306890.728
333  PMB+F+R5      1150117.667  358 2300951.333  2300962.978  2303821.864
334  PMB+F+R6      1149632.154  360 2299984.309  2299996.085  2302870.876
335  PMB+F+R7      1149481.010  362 2299686.019  2299697.928  2302588.624
336  PMB+F+R8      1149477.102  364 2299682.203  2299694.245  2302600.844
339  HIVb          1289603.351  331 2579868.702  2579878.647  2582522.741
340  HIVb+I        1268780.074  332 2538224.147  2538234.153  2540886.204
341  HIVb+G4       1188381.005  332 2377426.009  2377436.015  2380088.066
342  HIVb+I+G4     1187016.592  333 2374699.184  2374709.250  2377369.259
343  HIVb+R2       1212255.019  333 2425176.039  2425186.105  2427846.114
344  HIVb+R3       1193993.813  335 2388657.626  2388667.814  2391343.737
345  HIVb+R4       1188039.090  337 2376752.181  2376762.492  2379454.329
346  HIVb+R5       1185711.761  339 2372101.523  2372111.957  2374819.707
347  HIVb+R6       1184792.641  341 2370267.282  2370277.841  2373001.503
348  HIVb+R7       1184540.960  343 2369767.921  2369778.605  2372518.178
349  HIVb+R8       1184526.579  345 2369743.159  2369753.968  2372509.453
350  HIVb+R9       1184526.141  347 2369746.281  2369757.217  2372528.612
352  HIVb+F        1288960.286  350 2578620.572  2578631.700  2581426.958
353  HIVb+F+I      1267789.747  351 2536281.494  2536292.685  2539095.897
354  HIVb+F+G4     1184170.785  351 2369043.571  2369054.762  2371857.974
355  HIVb+F+I+G4   1182819.507  352 2366343.014  2366354.270  2369165.436
356  HIVb+F+R2     1208995.401  352 2418694.801  2418706.057  2421517.223
357  HIVb+F+R3     1190133.726  354 2380975.452  2380986.837  2383813.910
358  HIVb+F+R4     1183891.640  356 2368495.280  2368506.795  2371349.775
359  HIVb+F+R5     1181592.200  358 2363900.401  2363912.046  2366770.932
360  HIVb+F+R6     1180585.429  360 2361890.858  2361902.635  2364777.426
361  HIVb+F+R7     1180309.536  362 2361343.071  2361354.980  2364245.675
362  HIVb+F+R8     1180293.527  364 2361315.053  2361327.095  2364233.694
363  HIVb+F+R9     1180293.417  366 2361318.834  2361331.009  2364253.511
365  HIVw          1334907.183  331 2670476.366  2670486.311  2673130.405
366  HIVw+I        1312469.919  332 2625603.837  2625613.843  2628265.894
367  HIVw+G4       1232183.503  332 2465031.006  2465041.012  2467693.063
368  HIVw+I+G4     1230681.830  333 2462029.659  2462039.726  2464699.735
369  HIVw+R2       1256325.532  333 2513317.064  2513327.131  2515987.140
370  HIVw+R3       1237996.560  335 2476663.121  2476673.309  2479349.233
371  HIVw+R4       1231756.499  337 2464186.998  2464197.309  2466889.146
372  HIVw+R5       1229353.862  339 2459385.723  2459396.158  2462103.908
373  HIVw+R6       1228379.015  341 2457440.030  2457450.589  2460174.251
374  HIVw+R7       1228127.587  343 2456941.174  2456951.858  2459691.432
375  HIVw+R8       1228113.133  345 2456916.265  2456927.075  2459682.559
376  HIVw+R9       1228113.058  347 2456920.116  2456931.052  2459702.447
378  HIVw+F        1328357.054  350 2657414.108  2657425.236  2660220.494
379  HIVw+F+I      1305187.195  351 2611076.390  2611087.581  2613890.793
380  HIVw+F+G4     1221634.768  351 2443971.535  2443982.726  2446785.939
381  HIVw+F+I+G4   1220153.172  352 2441010.345  2441021.600  2443832.767
382  HIVw+F+R2     1246906.074  352 2494516.149  2494527.404  2497338.571
383  HIVw+F+R3     1227716.215  354 2456140.430  2456151.815  2458978.889
384  HIVw+F+R4     1221298.677  356 2443309.354  2443320.868  2446163.849
385  HIVw+F+R5     1218862.856  358 2438441.711  2438453.356  2441312.242
386  HIVw+F+R6     1217830.247  360 2436380.493  2436392.270  2439267.061
387  HIVw+F+R7     1217545.359  362 2435814.717  2435826.626  2438717.321
388  HIVw+F+R8     1217527.363  364 2435782.726  2435794.768  2438701.367
389  HIVw+F+R9     1217527.319  366 2435786.637  2435798.813  2438721.315
391  JTTDCMut      1233944.275  331 2468550.550  2468560.495  2471204.589
392  JTTDCMut+I    1216193.608  332 2433051.215  2433061.221  2435713.272
393  JTTDCMut+G4   1152280.104  332 2305224.207  2305234.213  2307886.264
394  JTTDCMut+I+G4 1151129.272  333 2302924.543  2302934.610  2305594.619
395  JTTDCMut+R2   1171281.794  333 2343229.588  2343239.654  2345899.663
396  JTTDCMut+R3   1156501.870  335 2313673.741  2313683.929  2316359.852
397  JTTDCMut+R4   1151779.432  337 2304232.864  2304243.175  2306935.012
398  JTTDCMut+R5   1149952.899  339 2300583.797  2300594.232  2303301.982
399  JTTDCMut+R6   1149359.834  341 2299401.667  2299412.226  2302135.888
400  JTTDCMut+R7   1149175.787  343 2299037.574  2299048.257  2301787.831
401  JTTDCMut+R8   1149168.808  345 2299027.616  2299038.426  2301793.911
404  JTTDCMut+F    1233514.564  350 2467729.128  2467740.256  2470535.514
405  JTTDCMut+F+I  1215643.913  351 2431989.827  2432001.018  2434804.230
406  JTTDCMut+F+G4 1150106.166  351 2300914.333  2300925.524  2303728.737
407  JTTDCMut+F+I+G4 1148979.579  352 2298663.158  2298674.414  2301485.580
408  JTTDCMut+F+R2 1169557.030  352 2339818.060  2339829.316  2342640.482
409  JTTDCMut+F+R3 1154544.021  354 2309796.041  2309807.426  2312634.499
410  JTTDCMut+F+R4 1149668.307  356 2300048.614  2300060.129  2302903.109
411  JTTDCMut+F+R5 1147761.620  358 2296239.240  2296250.885  2299109.771
412  JTTDCMut+F+R6 1147166.126  360 2295052.252  2295064.029  2297938.820
413  JTTDCMut+F+R7 1146973.384  362 2294670.768  2294682.677  2297573.373
414  JTTDCMut+F+R8 1146964.838  364 2294657.677  2294669.718  2297576.318
417  FLU           1270173.973  331 2541009.946  2541019.891  2543663.985
418  FLU+I         1251715.630  332 2504095.260  2504105.266  2506757.317
419  FLU+G4        1176296.332  332 2353256.664  2353266.670  2355918.721
420  FLU+I+G4      1175147.148  333 2350960.296  2350970.362  2353630.371
421  FLU+R2        1198029.845  333 2396725.691  2396735.757  2399395.766
422  FLU+R3        1181522.624  335 2363715.247  2363725.435  2366401.359
423  FLU+R4        1175967.138  337 2352608.276  2352618.587  2355310.424
424  FLU+R5        1173737.663  339 2348153.326  2348163.761  2350871.511
425  FLU+R6        1173040.817  341 2346763.635  2346774.193  2349497.856
426  FLU+R7        1172817.703  343 2346321.406  2346332.090  2349071.664
427  FLU+R8        1172805.493  345 2346300.986  2346311.796  2349067.280
428  FLU+R9        1172799.345  347 2346292.691  2346303.627  2349075.021
430  FLU+F         1275941.114  350 2552582.229  2552593.356  2555388.614
431  FLU+F+I       1256772.757  351 2514247.515  2514258.706  2517061.918
432  FLU+F+G4      1176010.260  351 2352722.519  2352733.710  2355536.923
433  FLU+F+I+G4    1174870.530  352 2350445.060  2350456.316  2353267.482
434  FLU+F+R2      1199156.770  352 2399017.541  2399028.796  2401839.963
435  FLU+F+R3      1181696.761  354 2364101.522  2364112.907  2366939.980
436  FLU+F+R4      1175770.752  356 2352253.503  2352265.018  2355107.998
437  FLU+F+R5      1173495.384  358 2347706.768  2347718.413  2350577.299
438  FLU+F+R6      1172747.119  360 2346214.238  2346226.014  2349100.805
439  FLU+F+R7      1172488.530  362 2345701.060  2345712.969  2348603.664
440  FLU+F+R8      1172472.293  364 2345672.586  2345684.628  2348591.227
441  FLU+F+R9      1172466.396  366 2345664.793  2345676.968  2348599.470
443  Blosum62      1225601.473  331 2451864.946  2451874.891  2454518.984
444  Blosum62+I    1209735.247  332 2420134.494  2420144.499  2422796.551
445  Blosum62+G4   1154081.024  332 2308826.048  2308836.053  2311488.105
446  Blosum62+I+G4 1152997.076  333 2306660.152  2306670.218  2309330.227
447  Blosum62+R2   1169959.263  333 2340584.526  2340594.592  2343254.601
448  Blosum62+R3   1157315.825  335 2315301.650  2315311.838  2317987.762
449  Blosum62+R4   1153406.606  337 2307487.212  2307497.523  2310189.360
450  Blosum62+R5   1151913.178  339 2304504.355  2304514.790  2307222.540
451  Blosum62+R6   1151425.333  341 2303532.666  2303543.225  2306266.887
452  Blosum62+R7   1151274.156  343 2303234.313  2303244.996  2305984.570
453  Blosum62+R8   1151273.623  345 2303237.247  2303248.057  2306003.541
456  Blosum62+F    1225695.461  350 2452090.922  2452102.049  2454897.307
457  Blosum62+F+I  1209404.506  351 2419511.011  2419522.203  2422325.415
458  Blosum62+F+G4 1152858.578  351 2306419.156  2306430.347  2309233.559
459  Blosum62+F+I+G4 1151772.510  352 2304249.020  2304260.275  2307071.441
460  Blosum62+F+R2 1169260.567  352 2339225.135  2339236.390  2342047.556
461  Blosum62+F+R3 1156340.317  354 2313388.633  2313400.018  2316227.092
462  Blosum62+F+R4 1152227.419  356 2305166.839  2305178.353  2308021.333
463  Blosum62+F+R5 1150647.524  358 2302011.048  2302022.693  2304881.579
464  Blosum62+F+R6 1150147.029  360 2301014.059  2301025.835  2303900.627
465  Blosum62+F+R7 1149990.200  362 2300704.399  2300716.308  2303607.004
466  Blosum62+F+R8 1149989.530  364 2300707.059  2300719.101  2303625.700
469  mtMet         1310844.727  331 2622351.454  2622361.399  2625005.493
470  mtMet+I       1295639.812  332 2591943.624  2591953.629  2594605.681
471  mtMet+G4      1203887.096  332 2408438.193  2408448.198  2411100.250
472  mtMet+I+G4    1203127.743  333 2406921.486  2406931.552  2409591.561
473  mtMet+R2      1227025.988  333 2454717.977  2454728.043  2457388.052
474  mtMet+R3      1209631.065  335 2419932.129  2419942.318  2422618.241
475  mtMet+R4      1203731.553  337 2408137.106  2408147.417  2410839.254
476  mtMet+R5      1201722.745  339 2404123.490  2404133.924  2406841.675
477  mtMet+R6      1200727.327  341 2402136.654  2402147.213  2404870.875
478  mtMet+R7      1200427.020  343 2401540.040  2401550.724  2404290.298
479  mtMet+R8      1200425.035  345 2401540.071  2401550.880  2404306.365
482  mtMet+F       1261239.441  350 2523178.882  2523190.009  2525985.268
483  mtMet+F+I     1244954.058  351 2490610.116  2490621.307  2493424.519
484  mtMet+F+G4    1166429.825  351 2333561.651  2333572.842  2336376.055
485  mtMet+F+I+G4  1165572.008  352 2331848.016  2331859.272  2334670.438
486  mtMet+F+R2    1188735.256  352 2378174.512  2378185.767  2380996.933
487  mtMet+F+R3    1172110.681  354 2344929.362  2344940.747  2347767.821
488  mtMet+F+R4    1166280.903  356 2333273.806  2333285.320  2336128.300
489  mtMet+F+R5    1164423.454  358 2329562.908  2329574.553  2332433.439
490  mtMet+F+R6    1163452.393  360 2327624.787  2327636.563  2330511.355
491  mtMet+F+R7    1163176.181  362 2327076.362  2327088.271  2329978.966
492  mtMet+F+R8    1163174.107  364 2327076.214  2327088.256  2329994.855
495  mtVer         1339671.541  331 2680005.083  2680015.028  2682659.121
496  mtVer+I       1323972.575  332 2648609.150  2648619.156  2651271.207
497  mtVer+G4      1220331.154  332 2441326.307  2441336.313  2443988.364
498  mtVer+I+G4    1219533.975  333 2439733.950  2439744.016  2442404.025
499  mtVer+R2      1245899.812  333 2492465.624  2492475.690  2495135.699
500  mtVer+R3      1226663.641  335 2453997.281  2454007.469  2456683.393
501  mtVer+R4      1220253.994  337 2441181.989  2441192.300  2443884.137
502  mtVer+R5      1218133.817  339 2436945.633  2436956.068  2439663.818
503  mtVer+R6      1216907.683  341 2434497.366  2434507.925  2437231.588
504  mtVer+R7      1216516.266  343 2433718.531  2433729.215  2436468.789
505  mtVer+R8      1216512.797  345 2433715.593  2433726.403  2436481.887
508  mtVer+F       1289688.046  350 2580076.093  2580087.220  2582882.478
509  mtVer+F+I     1272233.061  351 2545168.123  2545179.314  2547982.526
510  mtVer+F+G4    1186847.870  351 2374397.741  2374408.932  2377212.144
511  mtVer+F+I+G4  1185980.786  352 2372665.572  2372676.827  2375487.994
512  mtVer+F+R2    1211138.782  352 2422981.565  2422992.820  2425803.987
513  mtVer+F+R3    1193158.826  354 2387025.651  2387037.036  2389864.110
514  mtVer+F+R4    1186847.157  356 2374406.314  2374417.828  2377260.808
515  mtVer+F+R5    1184874.765  358 2370465.529  2370477.174  2373336.061
516  mtVer+F+R6    1183744.614  360 2368209.228  2368221.005  2371095.796
517  mtVer+F+R7    1183400.587  362 2367525.174  2367537.082  2370427.778
518  mtVer+F+R8    1183397.236  364 2367522.472  2367534.513  2370441.113
521  mtInv         1303692.975  331 2608047.950  2608057.895  2610701.989
522  mtInv+I       1288155.631  332 2576975.262  2576985.267  2579637.319
523  mtInv+G4      1205216.679  332 2411097.357  2411107.363  2413759.414
524  mtInv+I+G4    1204378.698  333 2409423.396  2409433.462  2412093.471
525  mtInv+R2      1226832.282  333 2454330.564  2454340.630  2457000.639
526  mtInv+R3      1210445.558  335 2421561.115  2421571.304  2424247.227
527  mtInv+R4      1204985.846  337 2410645.692  2410656.003  2413347.840
528  mtInv+R5      1203068.458  339 2406814.916  2406825.351  2409533.101
529  mtInv+R6      1202225.204  341 2405132.408  2405142.967  2407866.630
530  mtInv+R7      1201974.692  343 2404635.384  2404646.068  2407385.642
531  mtInv+R8      1201974.282  345 2404638.564  2404649.373  2407404.858
534  mtInv+F       1243509.416  350 2487718.833  2487729.960  2490525.218
535  mtInv+F+I     1226995.636  351 2454693.272  2454704.464  2457507.676
536  mtInv+F+G4    1156211.874  351 2313125.748  2313136.939  2315940.152
537  mtInv+F+I+G4  1155266.101  352 2311236.203  2311247.458  2314058.625
538  mtInv+F+R2    1177055.195  352 2354814.389  2354825.645  2357636.811
539  mtInv+F+R3    1161383.096  354 2323474.193  2323485.577  2326312.651
540  mtInv+F+R4    1155986.929  356 2312685.858  2312697.373  2315540.353
541  mtInv+F+R5    1154106.528  358 2308929.056  2308940.701  2311799.588
542  mtInv+F+R6    1153362.790  360 2307445.580  2307457.357  2310332.148
543  mtInv+F+R7    1153123.327  362 2306970.653  2306982.562  2309873.258
544  mtInv+F+R8    1153122.777  364 2306973.554  2306985.595  2309892.195
Akaike Information Criterion:           LG+F+R9
Corrected Akaike Information Criterion: LG+F+R9
Bayesian Information Criterion:         LG+F+R8
Best-fit model: LG+F+R8 chosen according to BIC

All model information printed to Bacteria_71_AnvioAlign_ForDavid_final.fa.model.gz
CPU time for ModelFinder: 1448149.741 seconds (402h:15m:49s)
Wall-clock time for ModelFinder: 118751.534 seconds (32h:59m:11s)
Generating 1000 samples for ultrafast bootstrap (seed: 580702)...

NOTE: 3853 MB RAM (3 GB) is required!
Estimate model parameters (epsilon = 0.100)
1. Initial log-likelihood: -1138415.917
2. Current log-likelihood: -1137956.132
3. Current log-likelihood: -1137947.472
4. Current log-likelihood: -1137944.944
5. Current log-likelihood: -1137943.982
6. Current log-likelihood: -1137943.536
7. Current log-likelihood: -1137943.271
8. Current log-likelihood: -1137943.072
9. Current log-likelihood: -1137942.915
10. Current log-likelihood: -1137942.802
11. Current log-likelihood: -1137942.699
Optimal log-likelihood: -1137942.632
Site proportion and rates:  (0.194,0.065) (0.123,0.227) (0.121,0.392) (0.105,0.587) (0.114,0.820) (0.125,1.249) (0.094,1.936) (0.126,3.346)
Parameters optimization took 11 rounds (808.673 sec)
Computing ML distances based on estimated model parameters... 31.164 sec
Computing BIONJ tree...
0.137 seconds
Log-likelihood of BIONJ tree: -1140332.808
--------------------------------------------------------------------
|             INITIALIZING CANDIDATE TREE SET                      |
--------------------------------------------------------------------
Generating 98 parsimony trees... 179.279 second
Computing log-likelihood of 98 initial trees ... 799.007 seconds
Current best score: -1137942.632

Do NNI search on 20 best initial trees
Estimate model parameters (epsilon = 0.100)
BETTER TREE FOUND at iteration 1: -1137648.576
Estimate model parameters (epsilon = 0.100)
BETTER TREE FOUND at iteration 2: -1137594.324
Estimate model parameters (epsilon = 0.100)
BETTER TREE FOUND at iteration 5: -1137575.453
Iteration 10 / LogL: -1137598.190 / Time: 0h:49m:53s
Iteration 20 / LogL: -1137625.034 / Time: 1h:5m:57s
Finish initializing candidate tree set (9)
Current best tree score: -1137575.453 / CPU time: 3055.084
Number of iterations: 20
--------------------------------------------------------------------
|               OPTIMIZING CANDIDATE TREE SET                      |
--------------------------------------------------------------------
Estimate model parameters (epsilon = 0.100)
BETTER TREE FOUND at iteration 22: -1137542.003
Estimate model parameters (epsilon = 0.100)
BETTER TREE FOUND at iteration 26: -1137536.131
Iteration 30 / LogL: -1137553.820 / Time: 1h:26m:29s (4h:46m:17s left)
Iteration 40 / LogL: -1137571.054 / Time: 1h:45m:2s (3h:51m:38s left)
Iteration 50 / LogL: -1137547.236 / Time: 2h:3m:29s (3h:11m:32s left)
Log-likelihood cutoff on original alignment: -1137743.751
Iteration 60 / LogL: -1137543.479 / Time: 2h:22m:8s (2h:39m:0s left)
Estimate model parameters (epsilon = 0.100)
BETTER TREE FOUND at iteration 66: -1137532.100
Estimate model parameters (epsilon = 0.100)
BETTER TREE FOUND at iteration 70: -1137530.836
Iteration 70 / LogL: -1137530.836 / Time: 2h:42m:44s (3h:55m:51s left)
UPDATE BEST LOG-LIKELIHOOD: -1137530.831
Iteration 80 / LogL: -1137533.361 / Time: 3h:0m:21s (3h:25m:28s left)
Iteration 90 / LogL: -1137631.591 / Time: 3h:20m:10s (2h:59m:56s left)
Iteration 100 / LogL: -1137531.013 / Time: 3h:39m:28s (2h:35m:10s left)
Log-likelihood cutoff on original alignment: -1137743.751
NOTE: Bootstrap correlation coefficient of split occurrence frequencies: 0.999
Iteration 110 / LogL: -1137537.668 / Time: 3h:58m:19s (3h:16m:46s left)
Iteration 120 / LogL: -1137588.677 / Time: 4h:16m:47s (2h:52m:38s left)
Iteration 130 / LogL: -1137536.412 / Time: 4h:35m:23s (2h:29m:26s left)
Iteration 140 / LogL: -1137671.206 / Time: 4h:53m:36s (2h:6m:44s left)
Iteration 150 / LogL: -1137580.700 / Time: 5h:12m:11s (1h:44m:45s left)
Log-likelihood cutoff on original alignment: -1137743.751
Iteration 160 / LogL: -1147221.554 / Time: 5h:29m:38s (1h:22m:55s left)
Iteration 170 / LogL: -1137542.085 / Time: 5h:47m:46s (1h:1m:44s left)
TREE SEARCH COMPLETED AFTER 171 ITERATIONS / Time: 5h:49m:33s

--------------------------------------------------------------------
|                    FINALIZING TREE SEARCH                        |
--------------------------------------------------------------------
Performs final model parameters optimization
Estimate model parameters (epsilon = 0.010)
1. Initial log-likelihood: -1137530.831
2. Current log-likelihood: -1137530.787
3. Current log-likelihood: -1137530.760
Optimal log-likelihood: -1137530.744
Site proportion and rates:  (0.194,0.065) (0.125,0.228) (0.122,0.396) (0.101,0.588) (0.116,0.822) (0.124,1.255) (0.093,1.941) (0.125,3.349)
Parameters optimization took 3 rounds (63.040 sec)
BEST SCORE FOUND : -1137530.744

Testing tree branches by SH-like aLRT with 1000 replicates...
25.060 sec.
Creating bootstrap support values...
Split supports printed to NEXUS file Bacteria_71_AnvioAlign_ForDavid_final.fa.splits.nex
Total tree length: 38.030

Total number of iterations: 171
CPU time used for tree search: 314509.100 sec (87h:21m:49s)
Wall-clock time used for tree search: 20071.380 sec (5h:34m:31s)
Total CPU time used: 329539.972 sec (91h:32m:19s)
Total wall-clock time used: 21063.507 sec (5h:51m:3s)

Computing bootstrap consensus tree...
Reading input file Bacteria_71_AnvioAlign_ForDavid_final.fa.splits.nex...
167 taxa and 455 splits.
Consensus tree written to Bacteria_71_AnvioAlign_ForDavid_final.fa.contree
Reading input trees file Bacteria_71_AnvioAlign_ForDavid_final.fa.contree
Log-likelihood of consensus tree: -1137530.754

Analysis results written to: 
  IQ-TREE report:                Bacteria_71_AnvioAlign_ForDavid_final.fa.iqtree
  Maximum-likelihood tree:       Bacteria_71_AnvioAlign_ForDavid_final.fa.treefile
  Likelihood distances:          Bacteria_71_AnvioAlign_ForDavid_final.fa.mldist

Ultrafast bootstrap approximation results written to:
  Split support values:          Bacteria_71_AnvioAlign_ForDavid_final.fa.splits.nex
  Consensus tree:                Bacteria_71_AnvioAlign_ForDavid_final.fa.contree
  Screen log file:               Bacteria_71_AnvioAlign_ForDavid_final.fa.log

Date and Time: Fri Nov 24 16:00:12 2023
